<?xml version="1.0" encoding="UTF-8"?>
<testng-results skipped="0" failed="0" total="4" passed="4">
  <reporter-output>
  </reporter-output>
  <suite name="Default suite" duration-ms="34859" started-at="2016-07-12T06:48:08Z" finished-at="2016-07-12T06:48:43Z">
    <groups>
    </groups>
    <test name="Default test" duration-ms="34859" started-at="2016-07-12T06:48:08Z" finished-at="2016-07-12T06:48:43Z">
      <class name="testpackage.Main">
        <test-method status="PASS" signature="dataprovider(java.lang.String, java.lang.String)[pri:0, instance:testpackage.Main@62ee68d8]" name="dataprovider" duration-ms="15783" started-at="2016-07-12T12:18:08Z" data-provider="Authentication" finished-at="2016-07-12T12:18:24Z">
          <params>
            <param index="0">
              <value>
                <![CDATA[umpfernando]]>
              </value>
            </param>
            <param index="1">
              <value>
                <![CDATA[2wsx3edc@]]>
              </value>
            </param>
          </params>
          <reporter-output>
          </reporter-output>
        </test-method> <!-- dataprovider -->
        <test-method status="PASS" signature="dataprovider(java.lang.String, java.lang.String)[pri:0, instance:testpackage.Main@62ee68d8]" name="dataprovider" duration-ms="6769" started-at="2016-07-12T12:18:24Z" data-provider="Authentication" finished-at="2016-07-12T12:18:30Z">
          <params>
            <param index="0">
              <value>
                <![CDATA[dmwithana1]]>
              </value>
            </param>
            <param index="1">
              <value>
                <![CDATA[]]>
              </value>
            </param>
          </params>
          <reporter-output>
          </reporter-output>
        </test-method> <!-- dataprovider -->
        <test-method status="PASS" signature="dataprovider(java.lang.String, java.lang.String)[pri:0, instance:testpackage.Main@62ee68d8]" name="dataprovider" duration-ms="4974" started-at="2016-07-12T12:18:30Z" data-provider="Authentication" finished-at="2016-07-12T12:18:35Z">
          <params>
            <param index="0">
              <value>
                <![CDATA[]]>
              </value>
            </param>
            <param index="1">
              <value>
                <![CDATA[]]>
              </value>
            </param>
          </params>
          <reporter-output>
          </reporter-output>
        </test-method> <!-- dataprovider -->
        <test-method status="PASS" signature="dataprovider(java.lang.String, java.lang.String)[pri:0, instance:testpackage.Main@62ee68d8]" name="dataprovider" duration-ms="7266" started-at="2016-07-12T12:18:35Z" data-provider="Authentication" finished-at="2016-07-12T12:18:43Z">
          <params>
            <param index="0">
              <value>
                <![CDATA[admin]]>
              </value>
            </param>
            <param index="1">
              <value>
                <![CDATA[admin]]>
              </value>
            </param>
          </params>
          <reporter-output>
          </reporter-output>
        </test-method> <!-- dataprovider -->
      </class> <!-- testpackage.Main -->
    </test> <!-- Default test -->
  </suite> <!-- Default suite -->
</testng-results>
